[0m01:48:58.355575 [debug] [MainThread]: Sending event: {'category': 'dbt', 'action': 'invocation', 'label': 'start', 'context': [<snowplow_tracker.self_describing_json.SelfDescribingJson object at 0x000001E98DD806E0>, <snowplow_tracker.self_describing_json.SelfDescribingJson object at 0x000001E98EBF7ED0>, <snowplow_tracker.self_describing_json.SelfDescribingJson object at 0x000001E98EBF7B10>]}


============================== 01:48:58.359312 | b3ff3b5c-e8f3-477c-b8fc-700800bcdcc3 ==============================
[0m01:48:58.359312 [info ] [MainThread]: Running with dbt=1.11.2
[0m01:48:58.359824 [debug] [MainThread]: running dbt with arguments {'static_parser': 'True', 'no_print': 'None', 'version_check': 'True', 'warn_error_options': 'WarnErrorOptionsV2(error=[], warn=[], silence=[])', 'target_path': 'None', 'printer_width': '80', 'write_json': 'True', 'empty': 'None', 'log_cache_events': 'False', 'introspect': 'True', 'cache_selected_only': 'False', 'fail_fast': 'False', 'debug': 'False', 'log_format': 'default', 'partial_parse': 'True', 'send_anonymous_usage_stats': 'True', 'quiet': 'False', 'warn_error': 'None', 'profiles_dir': 'C:\\Users\\dhore\\.dbt', 'invocation_command': 'dbt init', 'use_colors': 'True', 'indirect_selection': 'eager', 'use_experimental_parser': 'False', 'log_path': 'logs'}
[0m01:48:58.377167 [info ] [MainThread]: Creating dbt configuration folder at C:\Users\dhore\.dbt
[0m01:49:05.557434 [debug] [MainThread]: Starter project path: C:\Users\dhore\OneDrive\Desktop\DBT\venv\Lib\site-packages\dbt\include\starter_project
[0m01:49:05.594335 [info ] [MainThread]: 
Your new dbt project "data_pipeline" was created!

For more information on how to configure the profiles.yml file,
please consult the dbt documentation here:

  https://docs.getdbt.com/docs/configure-your-profile

One more thing:

Need help? Don't hesitate to reach out to us via GitHub issues or on Slack:

  https://community.getdbt.com/

Happy modeling!

[0m01:49:05.594875 [info ] [MainThread]: Setting up your profile.
[0m01:49:19.354545 [debug] [MainThread]: Snowflake adapter: Setting snowflake.connector to ERROR (file logging only)
[0m01:49:19.354806 [debug] [MainThread]: Snowflake adapter: Setting botocore to ERROR (file logging only)
[0m01:49:19.354953 [debug] [MainThread]: Snowflake adapter: Setting boto3 to ERROR (file logging only)
[0m01:52:57.180937 [info ] [MainThread]: Profile data_pipeline written to C:\Users\dhore\.dbt\profiles.yml using target's profile_template.yml and your supplied values. Run 'dbt debug' to validate the connection.
[0m01:52:57.182202 [debug] [MainThread]: Command `dbt init` succeeded at 01:52:57.182090 after 238.97 seconds
[0m01:52:57.182436 [debug] [MainThread]: Sending event: {'category': 'dbt', 'action': 'invocation', 'label': 'end', 'context': [<snowplow_tracker.self_describing_json.SelfDescribingJson object at 0x000001E990C955B0>, <snowplow_tracker.self_describing_json.SelfDescribingJson object at 0x000001E98FC6AD50>, <snowplow_tracker.self_describing_json.SelfDescribingJson object at 0x000001E990C3D040>]}
[0m01:52:57.182658 [debug] [MainThread]: Flushing usage events
[0m01:52:57.726994 [debug] [MainThread]: An error was encountered while trying to flush usage events
